# JRE version: Java(TM) SE Runtime Environment (12.0.2+10) (build 12.0.2+10)
# Java VM: Java HotSpot(TM) 64-Bit Server VM (12.0.2+10, mixed mode, sharing, tiered, compressed oops, g1 gc, windows-amd64)
Heap:
 garbage-first heap   total 288768K, used 90224K [0x0000000602e00000, 0x0000000800000000)
  region size 2048K, 35 young (71680K), 1 survivors (2048K)
 Metaspace       used 36165K, capacity 37319K, committed 37504K, reserved 1087488K
  class space    used 4770K, capacity 5225K, committed 5248K, reserved 1048576K
GC Heap History (10 events):
Event: 4.737 GC heap before
{Heap before GC invocations=17 (full 0):
 garbage-first heap   total 49152K, used 32324K [0x0000000602e00000, 0x0000000800000000)
  region size 2048K, 6 young (12288K), 1 survivors (2048K)
 Metaspace       used 31626K, capacity 32792K, committed 32896K, reserved 1077248K
  class space    used 4282K, capacity 4700K, committed 4736K, reserved 1048576K
}
Event: 4.737 GC heap after
{Heap after GC invocations=18 (full 0):
 garbage-first heap   total 49152K, used 24148K [0x0000000602e00000, 0x0000000800000000)
  region size 2048K, 1 young (2048K), 1 survivors (2048K)
 Metaspace       used 31626K, capacity 32792K, committed 32896K, reserved 1077248K
  class space    used 4282K, capacity 4700K, committed 4736K, reserved 1048576K
}
Event: 4.738 GC heap before
{Heap before GC invocations=18 (full 0):
 garbage-first heap   total 49152K, used 32340K [0x0000000602e00000, 0x0000000800000000)
  region size 2048K, 6 young (12288K), 1 survivors (2048K)
 Metaspace       used 31626K, capacity 32792K, committed 32896K, reserved 1077248K
  class space    used 4282K, capacity 4700K, committed 4736K, reserved 1048576K
}
Event: 4.739 GC heap after
{Heap after GC invocations=19 (full 0):
 garbage-first heap   total 49152K, used 24087K [0x0000000602e00000, 0x0000000800000000)
  region size 2048K, 1 young (2048K), 1 survivors (2048K)
 Metaspace       used 31626K, capacity 32792K, committed 32896K, reserved 1077248K
  class space    used 4282K, capacity 4700K, committed 4736K, reserved 1048576K
}
Event: 4.740 GC heap before
{Heap before GC invocations=19 (full 0):
 garbage-first heap   total 49152K, used 34327K [0x0000000602e00000, 0x0000000800000000)
  region size 2048K, 7 young (14336K), 1 survivors (2048K)
 Metaspace       used 31626K, capacity 32792K, committed 32896K, reserved 1077248K
  class space    used 4282K, capacity 4700K, committed 4736K, reserved 1048576K
}
Event: 4.741 GC heap after
{Heap after GC invocations=20 (full 0):
 garbage-first heap   total 49152K, used 24084K [0x0000000602e00000, 0x0000000800000000)
  region size 2048K, 1 young (2048K), 1 survivors (2048K)
 Metaspace       used 31626K, capacity 32792K, committed 32896K, reserved 1077248K
  class space    used 4282K, capacity 4700K, committed 4736K, reserved 1048576K
}
Event: 4.812 GC heap before
{Heap before GC invocations=21 (full 0):
 garbage-first heap   total 55296K, used 34324K [0x0000000602e00000, 0x0000000800000000)
  region size 2048K, 7 young (14336K), 1 survivors (2048K)
 Metaspace       used 32353K, capacity 33457K, committed 33792K, reserved 1079296K
  class space    used 4361K, capacity 4770K, committed 4864K, reserved 1048576K
}
Event: 4.813 GC heap after
{Heap after GC invocations=22 (full 0):
 garbage-first heap   total 55296K, used 24832K [0x0000000602e00000, 0x0000000800000000)
  region size 2048K, 1 young (2048K), 1 survivors (2048K)
 Metaspace       used 32353K, capacity 33457K, committed 33792K, reserved 1079296K
  class space    used 4361K, capacity 4770K, committed 4864K, reserved 1048576K
}
Event: 4.832 GC heap before
{Heap before GC invocations=22 (full 0):
 garbage-first heap   total 55296K, used 39168K [0x0000000602e00000, 0x0000000800000000)
  region size 2048K, 9 young (18432K), 1 survivors (2048K)
 Metaspace       used 32361K, capacity 33457K, committed 33792K, reserved 1079296K
  class space    used 4361K, capacity 4770K, committed 4864K, reserved 1048576K
}
Event: 4.833 GC heap after
{Heap after GC invocations=23 (full 0):
 garbage-first heap   total 288768K, used 24688K [0x0000000602e00000, 0x0000000800000000)
  region size 2048K, 1 young (2048K), 1 survivors (2048K)
 Metaspace       used 32361K, capacity 33457K, committed 33792K, reserved 1079296K
  class space    used 4361K, capacity 4770K, committed 4864K, reserved 1048576K
}

