# JRE version: Java(TM) SE Runtime Environment (12.0.2+10) (build 12.0.2+10)
# Java VM: Java HotSpot(TM) 64-Bit Server VM (12.0.2+10, mixed mode, sharing, tiered, compressed oops, g1 gc, windows-amd64)
Heap:
 garbage-first heap   total 522240K, used 12000K [0x0000000602e00000, 0x0000000800000000)
  region size 2048K, 3 young (6144K), 3 survivors (6144K)
 Metaspace       used 18419K, capacity 19188K, committed 19328K, reserved 1077248K
  class space    used 2560K, capacity 2839K, committed 2944K, reserved 1048576K
GC Heap History (8 events):
Event: 0.840 GC heap before
{Heap before GC invocations=0 (full 0):
 garbage-first heap   total 522240K, used 24576K [0x0000000602e00000, 0x0000000800000000)
  region size 2048K, 12 young (24576K), 0 survivors (0K)
 Metaspace       used 5376K, capacity 5908K, committed 6016K, reserved 1056768K
  class space    used 673K, capacity 789K, committed 896K, reserved 1048576K
}
Event: 0.844 GC heap after
{Heap after GC invocations=1 (full 0):
 garbage-first heap   total 522240K, used 7616K [0x0000000602e00000, 0x0000000800000000)
  region size 2048K, 2 young (4096K), 2 survivors (4096K)
 Metaspace       used 5376K, capacity 5908K, committed 6016K, reserved 1056768K
  class space    used 673K, capacity 789K, committed 896K, reserved 1048576K
}
Event: 0.965 GC heap before
{Heap before GC invocations=1 (full 0):
 garbage-first heap   total 522240K, used 38336K [0x0000000602e00000, 0x0000000800000000)
  region size 2048K, 18 young (36864K), 2 survivors (4096K)
 Metaspace       used 7619K, capacity 8096K, committed 8320K, reserved 1056768K
  class space    used 974K, capacity 1136K, committed 1152K, reserved 1048576K
}
Event: 0.967 GC heap after
{Heap after GC invocations=2 (full 0):
 garbage-first heap   total 522240K, used 8789K [0x0000000602e00000, 0x0000000800000000)
  region size 2048K, 1 young (2048K), 1 survivors (2048K)
 Metaspace       used 7619K, capacity 8096K, committed 8320K, reserved 1056768K
  class space    used 974K, capacity 1136K, committed 1152K, reserved 1048576K
}
Event: 1.830 GC heap before
{Heap before GC invocations=2 (full 0):
 garbage-first heap   total 522240K, used 51797K [0x0000000602e00000, 0x0000000800000000)
  region size 2048K, 23 young (47104K), 1 survivors (2048K)
 Metaspace       used 12155K, capacity 12750K, committed 12928K, reserved 1060864K
  class space    used 1636K, capacity 1868K, committed 1920K, reserved 1048576K
}
Event: 1.831 GC heap after
{Heap after GC invocations=3 (full 0):
 garbage-first heap   total 522240K, used 10149K [0x0000000602e00000, 0x0000000800000000)
  region size 2048K, 2 young (4096K), 2 survivors (4096K)
 Metaspace       used 12155K, capacity 12750K, committed 12928K, reserved 1060864K
  class space    used 1636K, capacity 1868K, committed 1920K, reserved 1048576K
}
Event: 2.049 GC heap before
{Heap before GC invocations=3 (full 0):
 garbage-first heap   total 522240K, used 73637K [0x0000000602e00000, 0x0000000800000000)
  region size 2048K, 35 young (71680K), 2 survivors (4096K)
 Metaspace       used 18419K, capacity 19188K, committed 19328K, reserved 1075200K
  class space    used 2560K, capacity 2839K, committed 2944K, reserved 1048576K
}
Event: 2.054 GC heap after
{Heap after GC invocations=4 (full 0):
 garbage-first heap   total 522240K, used 12000K [0x0000000602e00000, 0x0000000800000000)
  region size 2048K, 3 young (6144K), 3 survivors (6144K)
 Metaspace       used 18419K, capacity 19188K, committed 19328K, reserved 1075200K
  class space    used 2560K, capacity 2839K, committed 2944K, reserved 1048576K
}

