# JRE version: Java(TM) SE Runtime Environment (12.0.2+10) (build 12.0.2+10)
# Java VM: Java HotSpot(TM) 64-Bit Server VM (12.0.2+10, mixed mode, sharing, tiered, compressed oops, g1 gc, windows-amd64)
Heap:
 garbage-first heap   total 522240K, used 10341K [0x0000000602e00000, 0x0000000800000000)
  region size 2048K, 2 young (4096K), 2 survivors (4096K)
 Metaspace       used 18735K, capacity 19326K, committed 19456K, reserved 1075200K
  class space    used 2518K, capacity 2744K, committed 2816K, reserved 1048576K
GC Heap History (8 events):
Event: 0.823 GC heap before
{Heap before GC invocations=0 (full 0):
 garbage-first heap   total 522240K, used 22528K [0x0000000602e00000, 0x0000000800000000)
  region size 2048K, 12 young (24576K), 0 survivors (0K)
 Metaspace       used 6155K, capacity 6602K, committed 6784K, reserved 1056768K
  class space    used 784K, capacity 895K, committed 896K, reserved 1048576K
}
Event: 0.827 GC heap after
{Heap after GC invocations=1 (full 0):
 garbage-first heap   total 522240K, used 6859K [0x0000000602e00000, 0x0000000800000000)
  region size 2048K, 2 young (4096K), 2 survivors (4096K)
 Metaspace       used 6155K, capacity 6602K, committed 6784K, reserved 1056768K
  class space    used 784K, capacity 895K, committed 896K, reserved 1048576K
}
Event: 0.948 GC heap before
{Heap before GC invocations=1 (full 0):
 garbage-first heap   total 522240K, used 35531K [0x0000000602e00000, 0x0000000800000000)
  region size 2048K, 16 young (32768K), 2 survivors (4096K)
 Metaspace       used 8198K, capacity 8511K, committed 8704K, reserved 1056768K
  class space    used 1060K, capacity 1167K, committed 1280K, reserved 1048576K
}
Event: 0.950 GC heap after
{Heap after GC invocations=2 (full 0):
 garbage-first heap   total 522240K, used 7867K [0x0000000602e00000, 0x0000000800000000)
  region size 2048K, 1 young (2048K), 1 survivors (2048K)
 Metaspace       used 8198K, capacity 8511K, committed 8704K, reserved 1056768K
  class space    used 1060K, capacity 1167K, committed 1280K, reserved 1048576K
}
Event: 1.273 GC heap before
{Heap before GC invocations=2 (full 0):
 garbage-first heap   total 522240K, used 48827K [0x0000000602e00000, 0x0000000800000000)
  region size 2048K, 22 young (45056K), 1 survivors (2048K)
 Metaspace       used 16797K, capacity 17401K, committed 17664K, reserved 1064960K
  class space    used 2214K, capacity 2448K, committed 2560K, reserved 1048576K
}
Event: 1.275 GC heap after
{Heap after GC invocations=3 (full 0):
 garbage-first heap   total 522240K, used 9589K [0x0000000602e00000, 0x0000000800000000)
  region size 2048K, 2 young (4096K), 2 survivors (4096K)
 Metaspace       used 16797K, capacity 17401K, committed 17664K, reserved 1064960K
  class space    used 2214K, capacity 2448K, committed 2560K, reserved 1048576K
}
Event: 1.691 GC heap before
{Heap before GC invocations=3 (full 0):
 garbage-first heap   total 522240K, used 25973K [0x0000000602e00000, 0x0000000800000000)
  region size 2048K, 11 young (22528K), 2 survivors (4096K)
 Metaspace       used 18735K, capacity 19326K, committed 19456K, reserved 1073152K
  class space    used 2518K, capacity 2744K, committed 2816K, reserved 1048576K
}
Event: 1.693 GC heap after
{Heap after GC invocations=4 (full 0):
 garbage-first heap   total 522240K, used 10341K [0x0000000602e00000, 0x0000000800000000)
  region size 2048K, 2 young (4096K), 2 survivors (4096K)
 Metaspace       used 18735K, capacity 19326K, committed 19456K, reserved 1073152K
  class space    used 2518K, capacity 2744K, committed 2816K, reserved 1048576K
}

