# JRE version: Java(TM) SE Runtime Environment (12.0.2+10) (build 12.0.2+10)
# Java VM: Java HotSpot(TM) 64-Bit Server VM (12.0.2+10, mixed mode, sharing, tiered, compressed oops, g1 gc, windows-amd64)
Heap:
 garbage-first heap   total 288768K, used 26157K [0x0000000602e00000, 0x0000000800000000)
  region size 2048K, 2 young (4096K), 2 survivors (4096K)
 Metaspace       used 36607K, capacity 38026K, committed 38272K, reserved 1081344K
  class space    used 5100K, capacity 5676K, committed 5760K, reserved 1048576K
GC Heap History (10 events):
Event: 6.187 GC heap after
{Heap after GC invocations=17 (full 0):
 garbage-first heap   total 55296K, used 23744K [0x0000000602e00000, 0x0000000800000000)
  region size 2048K, 2 young (4096K), 2 survivors (4096K)
 Metaspace       used 32924K, capacity 34037K, committed 34176K, reserved 1079296K
  class space    used 4535K, capacity 4973K, committed 4992K, reserved 1048576K
}
Event: 6.250 GC heap before
{Heap before GC invocations=17 (full 0):
 garbage-first heap   total 55296K, used 38080K [0x0000000602e00000, 0x0000000800000000)
  region size 2048K, 10 young (20480K), 2 survivors (4096K)
 Metaspace       used 33364K, capacity 34570K, committed 34816K, reserved 1079296K
  class space    used 4576K, capacity 5044K, committed 5120K, reserved 1048576K
}
Event: 6.251 GC heap after
{Heap after GC invocations=18 (full 0):
 garbage-first heap   total 55296K, used 24807K [0x0000000602e00000, 0x0000000800000000)
  region size 2048K, 2 young (4096K), 2 survivors (4096K)
 Metaspace       used 33364K, capacity 34570K, committed 34816K, reserved 1079296K
  class space    used 4576K, capacity 5044K, committed 5120K, reserved 1048576K
}
Event: 6.318 GC heap before
{Heap before GC invocations=18 (full 0):
 garbage-first heap   total 55296K, used 39143K [0x0000000602e00000, 0x0000000800000000)
  region size 2048K, 10 young (20480K), 2 survivors (4096K)
 Metaspace       used 33611K, capacity 34800K, committed 35072K, reserved 1079296K
  class space    used 4603K, capacity 5078K, committed 5120K, reserved 1048576K
}
Event: 6.320 GC heap after
{Heap after GC invocations=19 (full 0):
 garbage-first heap   total 55296K, used 24937K [0x0000000602e00000, 0x0000000800000000)
  region size 2048K, 1 young (2048K), 1 survivors (2048K)
 Metaspace       used 33611K, capacity 34800K, committed 35072K, reserved 1079296K
  class space    used 4603K, capacity 5078K, committed 5120K, reserved 1048576K
}
Event: 6.438 GC heap before
{Heap before GC invocations=19 (full 0):
 garbage-first heap   total 55296K, used 37225K [0x0000000602e00000, 0x0000000800000000)
  region size 2048K, 8 young (16384K), 1 survivors (2048K)
 Metaspace       used 34468K, capacity 35674K, committed 35840K, reserved 1079296K
  class space    used 4753K, capacity 5249K, committed 5376K, reserved 1048576K
}
Event: 6.441 GC heap after
{Heap after GC invocations=20 (full 0):
 garbage-first heap   total 55296K, used 24532K [0x0000000602e00000, 0x0000000800000000)
  region size 2048K, 1 young (2048K), 1 survivors (2048K)
 Metaspace       used 34468K, capacity 35674K, committed 35840K, reserved 1079296K
  class space    used 4753K, capacity 5249K, committed 5376K, reserved 1048576K
}
Event: 6.596 GC heap before
{Heap before GC invocations=21 (full 0):
 garbage-first heap   total 55296K, used 40916K [0x0000000602e00000, 0x0000000800000000)
  region size 2048K, 9 young (18432K), 1 survivors (2048K)
 Metaspace       used 35525K, capacity 36915K, committed 36992K, reserved 1081344K
  class space    used 4935K, capacity 5472K, committed 5504K, reserved 1048576K
}
Event: 6.598 GC heap after
{Heap after GC invocations=22 (full 0):
 garbage-first heap   total 55296K, used 25166K [0x0000000602e00000, 0x0000000800000000)
  region size 2048K, 1 young (2048K), 1 survivors (2048K)
 Metaspace       used 35525K, capacity 36915K, committed 36992K, reserved 1081344K
  class space    used 4935K, capacity 5472K, committed 5504K, reserved 1048576K
}
Event: 6.768 GC heap before
{Heap before GC invocations=23 (full 0):
 garbage-first heap   total 55296K, used 41550K [0x0000000602e00000, 0x0000000800000000)
  region size 2048K, 9 young (18432K), 1 survivors (2048K)
 Metaspace       used 36607K, capacity 38026K, committed 38272K, reserved 1081344K
  class space    used 5100K, capacity 5676K, committed 5760K, reserved 1048576K
}

